2015-12-03 11:35:31,340 INFO  - Starting HiveMQ Server
2015-12-03 11:35:31,370 INFO  - HiveMQ version: 3.0.2
2015-12-03 11:35:31,380 INFO  - HiveMQ home directory: D:\Wumin Share Data\自動化專案\台北自動化專案\hivemq-3.0.2
2015-12-03 11:35:32,420 WARN  - Could not open/create prefs root node Software\JavaSoft\Prefs at root 0x80000002. Windows RegCreateKeyEx(...) returned error code 5.
2015-12-03 11:35:35,431 INFO  - No valid license file found. Using evaluation license, restricted to 25 connections.
2015-12-03 11:35:36,725 INFO  - The HiveMQ cluster ID is 9e672bb5-611a-46b1-a19d-a442ef1e13ee
2015-12-03 11:35:37,055 INFO  - Loaded Plugin HiveMQ JMX Metrics Reporting Plugin - v3.0.0
2015-12-03 11:35:37,055 INFO  - Loaded Plugin HiveMQ Sys Topic Plugin - v3.0.0
2015-12-03 11:35:37,065 INFO  - JMX Metrics Reporting started.
2015-12-03 11:35:37,075 INFO  - Starting TCP listener on address 0.0.0.0 and port 1883
2015-12-03 11:35:37,205 INFO  - Started TCP Listener on address 0.0.0.0 and on port 1883
2015-12-03 11:35:37,205 INFO  - Started HiveMQ in 5849ms
2015-12-03 12:01:13,925 WARN  - An exceptionCaught() event was fired, and it reached at the tail of the pipeline. It usually means the last handler in the pipeline did not handle the exception.
java.io.IOException: 遠端主機已強制關閉一個現存的連線。
	at sun.nio.ch.SocketDispatcher.read0(Native Method)
	at sun.nio.ch.SocketDispatcher.read(Unknown Source)
	at sun.nio.ch.IOUtil.readIntoNativeBuffer(Unknown Source)
	at sun.nio.ch.IOUtil.read(Unknown Source)
	at sun.nio.ch.SocketChannelImpl.read(Unknown Source)
	at io.netty.buffer.UnpooledUnsafeDirectByteBuf.setBytes(Unknown Source)
	at io.netty.buffer.AbstractByteBuf.writeBytes(Unknown Source)
	at io.netty.channel.socket.nio.NioSocketChannel.doReadBytes(Unknown Source)
	at io.netty.channel.nio.AbstractNioByteChannel$NioByteUnsafe.read(Unknown Source)
	at io.netty.channel.nio.NioEventLoop.processSelectedKey(Unknown Source)
	at io.netty.channel.nio.NioEventLoop.processSelectedKeysOptimized(Unknown Source)
	at io.netty.channel.nio.NioEventLoop.processSelectedKeys(Unknown Source)
	at io.netty.channel.nio.NioEventLoop.run(Unknown Source)
	at io.netty.util.concurrent.SingleThreadEventExecutor$2.run(Unknown Source)
	at java.lang.Thread.run(Unknown Source)
